<?xml version="1.0" encoding="UTF-8"?>
<coverage generated="1652824495883" clover="3.2.0">
  <project timestamp="1652824495883" name="All files">
    <metrics statements="11" coveredstatements="11" conditionals="0" coveredconditionals="0" methods="6" coveredmethods="6" elements="17" coveredelements="17" complexity="0" loc="11" ncloc="11" packages="1" files="3" classes="3"/>
    <file name="Add.ts" path="C:\Users\Usuario\Desktop\Ingeniería en Sistemas\3 año 1 cuatri\Ingeniería de Software II\Trabajo Práctico N2\Interpreter\Interpreter\src\Add.ts">
      <metrics statements="4" coveredstatements="4" conditionals="0" coveredconditionals="0" methods="2" coveredmethods="2"/>
      <line num="1" count="1" type="stmt"/>
      <line num="6" count="4" type="stmt"/>
      <line num="7" count="4" type="stmt"/>
      <line num="10" count="4" type="stmt"/>
    </file>
    <file name="Numeral.ts" path="C:\Users\Usuario\Desktop\Ingeniería en Sistemas\3 año 1 cuatri\Ingeniería de Software II\Trabajo Práctico N2\Interpreter\Interpreter\src\Numeral.ts">
      <metrics statements="3" coveredstatements="3" conditionals="0" coveredconditionals="0" methods="2" coveredmethods="2"/>
      <line num="1" count="1" type="stmt"/>
      <line num="5" count="15" type="stmt"/>
      <line num="8" count="15" type="stmt"/>
    </file>
    <file name="Substract.ts" path="C:\Users\Usuario\Desktop\Ingeniería en Sistemas\3 año 1 cuatri\Ingeniería de Software II\Trabajo Práctico N2\Interpreter\Interpreter\src\Substract.ts">
      <metrics statements="4" coveredstatements="4" conditionals="0" coveredconditionals="0" methods="2" coveredmethods="2"/>
      <line num="1" count="1" type="stmt"/>
      <line num="6" count="8" type="stmt"/>
      <line num="7" count="8" type="stmt"/>
      <line num="10" count="8" type="stmt"/>
    </file>
  </project>
</coverage>
