{"C:\\Users\\Usuario\\Desktop\\Ingeniería en Sistemas\\3 año 1 cuatri\\Ingeniería de Software II\\Trabajo Práctico N2\\Interpreter\\Interpreter\\src\\Add.ts": {"path":"C:\\Users\\Usuario\\Desktop\\Ingeniería en Sistemas\\3 año 1 cuatri\\Ingeniería de Software II\\Trabajo Práctico N2\\Interpreter\\Interpreter\\src\\Add.ts","statementMap":{"0":{"start":{"line":6,"column":8},"end":{"line":6,"column":null}},"1":{"start":{"line":7,"column":8},"end":{"line":7,"column":null}},"2":{"start":{"line":10,"column":8},"end":{"line":10,"column":null}},"3":{"start":{"line":1,"column":0},"end":{"line":1,"column":13}}},"fnMap":{"0":{"name":"(anonymous_0)","decl":{"start":{"line":5,"column":4},"end":{"line":5,"column":16}},"loc":{"start":{"line":5,"column":69},"end":{"line":8,"column":5}}},"1":{"name":"(anonymous_1)","decl":{"start":{"line":9,"column":4},"end":{"line":9,"column":13}},"loc":{"start":{"line":9,"column":13},"end":{"line":11,"column":5}}}},"branchMap":{},"s":{"0":8,"1":8,"2":8,"3":1},"f":{"0":8,"1":8},"b":{}}
,"C:\\Users\\Usuario\\Desktop\\Ingeniería en Sistemas\\3 año 1 cuatri\\Ingeniería de Software II\\Trabajo Práctico N2\\Interpreter\\Interpreter\\src\\Numeral.ts": {"path":"C:\\Users\\Usuario\\Desktop\\Ingeniería en Sistemas\\3 año 1 cuatri\\Ingeniería de Software II\\Trabajo Práctico N2\\Interpreter\\Interpreter\\src\\Numeral.ts","statementMap":{"0":{"start":{"line":5,"column":8},"end":{"line":5,"column":null}},"1":{"start":{"line":8,"column":8},"end":{"line":8,"column":null}},"2":{"start":{"line":1,"column":0},"end":{"line":1,"column":13}}},"fnMap":{"0":{"name":"(anonymous_0)","decl":{"start":{"line":4,"column":4},"end":{"line":4,"column":16}},"loc":{"start":{"line":4,"column":29},"end":{"line":6,"column":5}}},"1":{"name":"(anonymous_1)","decl":{"start":{"line":7,"column":4},"end":{"line":7,"column":13}},"loc":{"start":{"line":7,"column":13},"end":{"line":9,"column":5}}}},"branchMap":{},"s":{"0":20,"1":20,"2":1},"f":{"0":20,"1":20},"b":{}}
,"C:\\Users\\Usuario\\Desktop\\Ingeniería en Sistemas\\3 año 1 cuatri\\Ingeniería de Software II\\Trabajo Práctico N2\\Interpreter\\Interpreter\\src\\Substract.ts": {"path":"C:\\Users\\Usuario\\Desktop\\Ingeniería en Sistemas\\3 año 1 cuatri\\Ingeniería de Software II\\Trabajo Práctico N2\\Interpreter\\Interpreter\\src\\Substract.ts","statementMap":{"0":{"start":{"line":6,"column":8},"end":{"line":6,"column":null}},"1":{"start":{"line":7,"column":8},"end":{"line":7,"column":null}},"2":{"start":{"line":10,"column":8},"end":{"line":10,"column":null}},"3":{"start":{"line":1,"column":0},"end":{"line":1,"column":13}}},"fnMap":{"0":{"name":"(anonymous_0)","decl":{"start":{"line":5,"column":4},"end":{"line":5,"column":16}},"loc":{"start":{"line":5,"column":69},"end":{"line":8,"column":5}}},"1":{"name":"(anonymous_1)","decl":{"start":{"line":9,"column":4},"end":{"line":9,"column":13}},"loc":{"start":{"line":9,"column":13},"end":{"line":11,"column":5}}}},"branchMap":{},"s":{"0":8,"1":8,"2":8,"3":1},"f":{"0":8,"1":8},"b":{}}
}
