TN:
SF:src\Add.ts
FN:5,(anonymous_0)
FN:9,(anonymous_1)
FNF:2
FNH:2
FNDA:8,(anonymous_0)
FNDA:8,(anonymous_1)
DA:1,1
DA:6,8
DA:7,8
DA:10,8
LF:4
LH:4
BRF:0
BRH:0
end_of_record
TN:
SF:src\Numeral.ts
FN:4,(anonymous_0)
FN:7,(anonymous_1)
FNF:2
FNH:2
FNDA:20,(anonymous_0)
FNDA:20,(anonymous_1)
DA:1,1
DA:5,20
DA:8,20
LF:3
LH:3
BRF:0
BRH:0
end_of_record
TN:
SF:src\Substract.ts
FN:5,(anonymous_0)
FN:9,(anonymous_1)
FNF:2
FNH:2
FNDA:8,(anonymous_0)
FNDA:8,(anonymous_1)
DA:1,1
DA:6,8
DA:7,8
DA:10,8
LF:4
LH:4
BRF:0
BRH:0
end_of_record
